<?xml version="1.0" ?>
<!DOCTYPE coverage SYSTEM "http://cobertura.sourceforge.net/xml/coverage-04.dtd">
<coverage lines-valid="195" lines-covered="186" line-rate="0.9538" branches-valid="91" branches-covered="77" branch-rate="0.8462000000000001" timestamp="1606196674625" complexity="0" version="0.1">
  <sources>
    <source>/Users/joelwasserman/os/flossbank/registry-resolver</source>
  </sources>
  <packages>
    <package name="registry-resolver" line-rate="0.9854999999999999" branch-rate="0.9167000000000001">
      <classes>
        <class name="index.js" filename="index.js" line-rate="0.9854999999999999" branch-rate="0.9167000000000001">
          <methods>
            <method name="(anonymous_0)" hits="13" signature="()V">
              <lines>
                <line number="5" hits="13"/>
              </lines>
            </method>
            <method name="(anonymous_1)" hits="1" signature="()V">
              <lines>
                <line number="15" hits="1"/>
              </lines>
            </method>
            <method name="(anonymous_2)" hits="1" signature="()V">
              <lines>
                <line number="34" hits="1"/>
              </lines>
            </method>
            <method name="(anonymous_3)" hits="3" signature="()V">
              <lines>
                <line number="35" hits="3"/>
              </lines>
            </method>
            <method name="(anonymous_4)" hits="3" signature="()V">
              <lines>
                <line number="64" hits="3"/>
              </lines>
            </method>
            <method name="(anonymous_5)" hits="14" signature="()V">
              <lines>
                <line number="72" hits="14"/>
              </lines>
            </method>
            <method name="(anonymous_6)" hits="6" signature="()V">
              <lines>
                <line number="81" hits="6"/>
              </lines>
            </method>
            <method name="(anonymous_7)" hits="9" signature="()V">
              <lines>
                <line number="100" hits="9"/>
              </lines>
            </method>
            <method name="(anonymous_8)" hits="2" signature="()V">
              <lines>
                <line number="154" hits="2"/>
              </lines>
            </method>
            <method name="(anonymous_9)" hits="1" signature="()V">
              <lines>
                <line number="159" hits="1"/>
              </lines>
            </method>
          </methods>
          <lines>
            <line number="1" hits="1" branch="false"/>
            <line number="2" hits="1" branch="false"/>
            <line number="6" hits="13" branch="true" condition-coverage="50% (1/2)"/>
            <line number="7" hits="13" branch="false"/>
            <line number="8" hits="13" branch="false"/>
            <line number="16" hits="1" branch="false"/>
            <line number="17" hits="1" branch="false"/>
            <line number="18" hits="1" branch="false"/>
            <line number="19" hits="1" branch="false"/>
            <line number="20" hits="1" branch="false"/>
            <line number="27" hits="1" branch="false"/>
            <line number="35" hits="1" branch="false"/>
            <line number="36" hits="3" branch="false"/>
            <line number="37" hits="3" branch="false"/>
            <line number="44" hits="1" branch="false"/>
            <line number="45" hits="1" branch="false"/>
            <line number="46" hits="3" branch="true" condition-coverage="100% (2/2)"/>
            <line number="47" hits="2" branch="false"/>
            <line number="48" hits="1" branch="true" condition-coverage="50% (1/2)"/>
            <line number="49" hits="0" branch="false"/>
            <line number="51" hits="1" branch="false"/>
            <line number="55" hits="1" branch="false"/>
            <line number="56" hits="1" branch="false"/>
            <line number="57" hits="2" branch="false"/>
            <line number="58" hits="2" branch="false"/>
            <line number="61" hits="1" branch="false"/>
            <line number="65" hits="3" branch="false"/>
            <line number="66" hits="3" branch="true" condition-coverage="100% (2/2)"/>
            <line number="67" hits="1" branch="false"/>
            <line number="69" hits="2" branch="false"/>
            <line number="73" hits="14" branch="true" condition-coverage="100% (4/4)"/>
            <line number="74" hits="13" branch="true" condition-coverage="100% (2/2)"/>
            <line number="75" hits="10" branch="false"/>
            <line number="82" hits="6" branch="false"/>
            <line number="83" hits="6" branch="true" condition-coverage="100% (2/2)"/>
            <line number="84" hits="1" branch="false"/>
            <line number="87" hits="5" branch="true" condition-coverage="50% (1/2)"/>
            <line number="90" hits="5" branch="false"/>
            <line number="92" hits="5" branch="false"/>
            <line number="94" hits="5" branch="false"/>
            <line number="96" hits="5" branch="true" condition-coverage="100% (2/2)"/>
            <line number="97" hits="5" branch="false"/>
            <line number="98" hits="10" branch="false"/>
            <line number="100" hits="10" branch="false"/>
            <line number="102" hits="9" branch="false"/>
            <line number="103" hits="9" branch="false"/>
            <line number="112" hits="1" branch="false"/>
            <line number="113" hits="1" branch="false"/>
            <line number="115" hits="8" branch="false"/>
            <line number="118" hits="8" branch="true" condition-coverage="100% (2/2)"/>
            <line number="119" hits="1" branch="false"/>
            <line number="121" hits="7" branch="false"/>
            <line number="122" hits="7" branch="false"/>
            <line number="126" hits="8" branch="true" condition-coverage="100% (2/2)"/>
            <line number="129" hits="2" branch="true" condition-coverage="100% (2/2)"/>
            <line number="130" hits="2" branch="true" condition-coverage="100% (2/2)"/>
            <line number="131" hits="1" branch="false"/>
            <line number="136" hits="6" branch="false"/>
            <line number="137" hits="6" branch="true" condition-coverage="100% (2/2)"/>
            <line number="138" hits="2" branch="true" condition-coverage="100% (2/2)"/>
            <line number="139" hits="2" branch="false"/>
            <line number="141" hits="4" branch="true" condition-coverage="100% (2/2)"/>
            <line number="144" hits="5" branch="false"/>
            <line number="148" hits="5" branch="false"/>
            <line number="155" hits="2" branch="false"/>
            <line number="156" hits="2" branch="true" condition-coverage="100% (2/2)"/>
            <line number="157" hits="1" branch="false"/>
            <line number="159" hits="1" branch="false"/>
            <line number="163" hits="1" branch="false"/>
          </lines>
        </class>
      </classes>
    </package>
    <package name="registry-resolver.npm" line-rate="1" branch-rate="1">
      <classes>
        <class name="index.js" filename="npm/index.js" line-rate="1" branch-rate="1">
          <methods>
            <method name="(anonymous_0)" hits="26" signature="()V">
              <lines>
                <line number="6" hits="26"/>
              </lines>
            </method>
            <method name="(anonymous_1)" hits="1" signature="()V">
              <lines>
                <line number="15" hits="1"/>
              </lines>
            </method>
            <method name="(anonymous_2)" hits="2" signature="()V">
              <lines>
                <line number="19" hits="2"/>
              </lines>
            </method>
            <method name="(anonymous_3)" hits="2" signature="()V">
              <lines>
                <line number="37" hits="2"/>
              </lines>
            </method>
            <method name="(anonymous_4)" hits="1" signature="()V">
              <lines>
                <line number="48" hits="1"/>
              </lines>
            </method>
            <method name="(anonymous_5)" hits="5" signature="()V">
              <lines>
                <line number="55" hits="5"/>
              </lines>
            </method>
            <method name="(anonymous_6)" hits="3" signature="()V">
              <lines>
                <line number="66" hits="3"/>
              </lines>
            </method>
            <method name="(anonymous_7)" hits="3" signature="()V">
              <lines>
                <line number="74" hits="3"/>
              </lines>
            </method>
            <method name="(anonymous_8)" hits="2" signature="()V">
              <lines>
                <line number="82" hits="2"/>
              </lines>
            </method>
            <method name="(anonymous_9)" hits="7" signature="()V">
              <lines>
                <line number="92" hits="7"/>
              </lines>
            </method>
          </methods>
          <lines>
            <line number="1" hits="2" branch="false"/>
            <line number="2" hits="2" branch="false"/>
            <line number="3" hits="2" branch="false"/>
            <line number="7" hits="26" branch="false"/>
            <line number="10" hits="26" branch="false"/>
            <line number="16" hits="1" branch="false"/>
            <line number="20" hits="2" branch="false"/>
            <line number="21" hits="2" branch="true" condition-coverage="100% (2/2)"/>
            <line number="22" hits="2" branch="true" condition-coverage="100% (2/2)"/>
            <line number="24" hits="2" branch="false"/>
            <line number="25" hits="2" branch="false"/>
            <line number="26" hits="1" branch="false"/>
            <line number="27" hits="1" branch="false"/>
            <line number="29" hits="2" branch="false"/>
            <line number="30" hits="1" branch="false"/>
            <line number="31" hits="1" branch="false"/>
            <line number="34" hits="2" branch="false"/>
            <line number="38" hits="2" branch="false"/>
            <line number="39" hits="2" branch="false"/>
            <line number="41" hits="1" branch="false"/>
            <line number="42" hits="1" branch="false"/>
            <line number="49" hits="1" branch="false"/>
            <line number="56" hits="5" branch="true" condition-coverage="100% (2/2)"/>
            <line number="58" hits="1" branch="false"/>
            <line number="60" hits="4" branch="false"/>
            <line number="61" hits="4" branch="false"/>
            <line number="62" hits="4" branch="false"/>
            <line number="65" hits="3" branch="true" condition-coverage="100% (2/2)"/>
            <line number="67" hits="3" branch="false"/>
            <line number="68" hits="3" branch="false"/>
            <line number="70" hits="1" branch="false"/>
            <line number="71" hits="1" branch="false"/>
            <line number="74" hits="3" branch="false"/>
            <line number="76" hits="1" branch="false"/>
            <line number="78" hits="4" branch="false"/>
            <line number="83" hits="2" branch="false"/>
            <line number="84" hits="2" branch="true" condition-coverage="100% (4/4)"/>
            <line number="85" hits="1" branch="false"/>
            <line number="88" hits="1" branch="false"/>
            <line number="93" hits="7" branch="false"/>
            <line number="94" hits="7" branch="false"/>
            <line number="97" hits="6" branch="false"/>
            <line number="99" hits="1" branch="false"/>
            <line number="100" hits="1" branch="false"/>
            <line number="105" hits="2" branch="false"/>
          </lines>
        </class>
      </classes>
    </package>
    <package name="registry-resolver.pypi" line-rate="0.9012" branch-rate="0.7442">
      <classes>
        <class name="index.js" filename="pypi/index.js" line-rate="0.9012" branch-rate="0.7442">
          <methods>
            <method name="(anonymous_0)" hits="15" signature="()V">
              <lines>
                <line number="28" hits="15"/>
              </lines>
            </method>
            <method name="(anonymous_1)" hits="1" signature="()V">
              <lines>
                <line number="35" hits="1"/>
              </lines>
            </method>
            <method name="(anonymous_2)" hits="2" signature="()V">
              <lines>
                <line number="41" hits="2"/>
              </lines>
            </method>
            <method name="(anonymous_3)" hits="2" signature="()V">
              <lines>
                <line number="53" hits="2"/>
              </lines>
            </method>
            <method name="(anonymous_4)" hits="5" signature="()V">
              <lines>
                <line number="55" hits="5"/>
              </lines>
            </method>
            <method name="(anonymous_5)" hits="15" signature="()V">
              <lines>
                <line number="90" hits="15"/>
              </lines>
            </method>
            <method name="(anonymous_6)" hits="1" signature="()V">
              <lines>
                <line number="103" hits="1"/>
              </lines>
            </method>
            <method name="(anonymous_7)" hits="3" signature="()V">
              <lines>
                <line number="121" hits="3"/>
              </lines>
            </method>
            <method name="(anonymous_8)" hits="4" signature="()V">
              <lines>
                <line number="140" hits="4"/>
              </lines>
            </method>
            <method name="(anonymous_9)" hits="5" signature="()V">
              <lines>
                <line number="189" hits="5"/>
              </lines>
            </method>
            <method name="(anonymous_10)" hits="4" signature="()V">
              <lines>
                <line number="221" hits="4"/>
              </lines>
            </method>
            <method name="(anonymous_11)" hits="5" signature="()V">
              <lines>
                <line number="236" hits="5"/>
              </lines>
            </method>
            <method name="(anonymous_12)" hits="0" signature="()V">
              <lines>
                <line number="256" hits="0"/>
              </lines>
            </method>
          </methods>
          <lines>
            <line number="1" hits="2" branch="false"/>
            <line number="2" hits="2" branch="false"/>
            <line number="3" hits="2" branch="false"/>
            <line number="29" hits="15" branch="false"/>
            <line number="30" hits="15" branch="false"/>
            <line number="36" hits="1" branch="false"/>
            <line number="42" hits="2" branch="true" condition-coverage="50% (1/2)"/>
            <line number="44" hits="2" branch="true" condition-coverage="50% (1/2)"/>
            <line number="45" hits="2" branch="false"/>
            <line number="47" hits="2" branch="false"/>
            <line number="54" hits="2" branch="true" condition-coverage="100% (2/2)"/>
            <line number="55" hits="1" branch="false"/>
            <line number="60" hits="5" branch="false"/>
            <line number="64" hits="5" branch="true" condition-coverage="100% (2/2)"/>
            <line number="68" hits="3" branch="true" condition-coverage="50% (1/2)"/>
            <line number="72" hits="3" branch="true" condition-coverage="50% (1/2)"/>
            <line number="76" hits="3" branch="true" condition-coverage="50% (1/2)"/>
            <line number="81" hits="3" branch="false"/>
            <line number="83" hits="1" branch="false"/>
            <line number="93" hits="15" branch="true" condition-coverage="100% (2/2)"/>
            <line number="95" hits="14" branch="false"/>
            <line number="98" hits="14" branch="true" condition-coverage="100% (2/2)"/>
            <line number="99" hits="1" branch="false"/>
            <line number="103" hits="1" branch="false"/>
            <line number="109" hits="13" branch="false"/>
            <line number="110" hits="13" branch="false"/>
            <line number="111" hits="13" branch="false"/>
            <line number="112" hits="13" branch="true" condition-coverage="50% (1/2)"/>
            <line number="113" hits="13" branch="false"/>
            <line number="114" hits="13" branch="false"/>
            <line number="115" hits="13" branch="false"/>
            <line number="117" hits="13" branch="false"/>
            <line number="121" hits="3" branch="false"/>
            <line number="144" hits="4" branch="false"/>
            <line number="145" hits="4" branch="false"/>
            <line number="146" hits="3" branch="false"/>
            <line number="147" hits="3" branch="false"/>
            <line number="149" hits="1" branch="false"/>
            <line number="151" hits="1" branch="false"/>
            <line number="155" hits="3" branch="true" condition-coverage="50% (1/2)"/>
            <line number="156" hits="3" branch="false"/>
            <line number="160" hits="0" branch="false"/>
            <line number="168" hits="3" branch="false"/>
            <line number="169" hits="3" branch="true" condition-coverage="100% (4/4)"/>
            <line number="172" hits="2" branch="false"/>
            <line number="173" hits="2" branch="false"/>
            <line number="174" hits="2" branch="false"/>
            <line number="176" hits="2" branch="true" condition-coverage="50% (1/2)"/>
            <line number="178" hits="2" branch="false"/>
            <line number="179" hits="2" branch="false"/>
            <line number="180" hits="2" branch="false"/>
            <line number="183" hits="2" branch="false"/>
            <line number="190" hits="5" branch="false"/>
            <line number="192" hits="5" branch="true" condition-coverage="100% (2/2)"/>
            <line number="193" hits="1" branch="false"/>
            <line number="197" hits="4" branch="false"/>
            <line number="203" hits="4" branch="false"/>
            <line number="207" hits="4" branch="true" condition-coverage="50% (1/2)"/>
            <line number="210" hits="4" branch="true" condition-coverage="50% (1/2)"/>
            <line number="211" hits="0" branch="false"/>
            <line number="217" hits="4" branch="true" condition-coverage="80% (4/5)"/>
            <line number="221" hits="2" branch="false"/>
            <line number="222" hits="4" branch="false"/>
            <line number="224" hits="2" branch="false"/>
            <line number="227" hits="2" branch="false"/>
            <line number="231" hits="2" branch="true" condition-coverage="100% (2/2)"/>
            <line number="232" hits="1" branch="false"/>
            <line number="234" hits="1" branch="false"/>
            <line number="236" hits="2" branch="false"/>
            <line number="237" hits="5" branch="false"/>
            <line number="239" hits="2" branch="false"/>
            <line number="241" hits="0" branch="false"/>
            <line number="244" hits="4" branch="true" condition-coverage="100% (2/2)"/>
            <line number="245" hits="1" branch="false"/>
            <line number="248" hits="3" branch="false"/>
            <line number="257" hits="0" branch="false"/>
            <line number="258" hits="0" branch="false"/>
            <line number="259" hits="0" branch="false"/>
            <line number="260" hits="0" branch="false"/>
            <line number="263" hits="0" branch="false"/>
            <line number="267" hits="2" branch="false"/>
          </lines>
        </class>
      </classes>
    </package>
  </packages>
</coverage>
